<?xml version="1.0" encoding="UTF-8"?>
<!-- Generated by org.testng.reporters.JUnitReportReporter -->
<testsuite hostname="W1968289" failures="0" tests="2" name="Ui.Login" time="0.014" errors="0" timestamp="2022-04-22T21:24:20 IST" skipped="0">
  <testcase classname="Ui.Login" name="bslogin" time="0.011"/>
  <system-out/>
  <testcase classname="Ui.Login" name="login" time="0.003"/>
  <system-out/>
</testsuite> <!-- Ui.Login -->
