<?xml version="1.0" encoding="UTF-8"?>
<!-- Generated by org.testng.reporters.JUnitReportReporter -->
<testsuite hostname="W1968289" failures="0" tests="3" name="Ui.groupdemoclass" time="0.004" errors="0" timestamp="2022-04-22T21:24:20 IST" skipped="0">
  <testcase classname="Ui.groupdemoclass" name="bslogin" time="0.001"/>
  <system-out/>
  <testcase classname="Ui.groupdemoclass" name="login" time="0.002"/>
  <system-out/>
  <testcase classname="Ui.groupdemoclass" name="aslogin" time="0.001"/>
  <system-out/>
</testsuite> <!-- Ui.groupdemoclass -->
