<?xml version="1.0" encoding="UTF-8"?>
<!-- Generated by org.testng.reporters.JUnitReportReporter -->
<testsuite hostname="W1968289" failures="0" tests="1" name="Ui.verifythetitle" time="10.416" errors="0" timestamp="2022-04-22T21:24:20 IST" skipped="0">
  <testcase classname="Ui.verifythetitle" name="titleTest" time="10.416"/>
  <system-out/>
</testsuite> <!-- Ui.verifythetitle -->
